<?xml version="1.0" encoding="UTF-8"?>
<!-- Generated by org.testng.reporters.JUnitXMLReporter -->
<testsuite hostname="WINDOWS-4CP03MR" ignored="0" name="FREE CRM App Test" tests="10" failures="0" timestamp="2023-01-01T20:45:32 EST" time="135.589" errors="0">
  <testcase name="loginPageTitleTest" time="0.021" classname="com.crm.qa.testcases.LoginPageTest"/>
  <testcase name="crmLogoImageTest" time="0.08" classname="com.crm.qa.testcases.LoginPageTest"/>
  <testcase name="loginTest" time="4.339" classname="com.crm.qa.testcases.LoginPageTest"/>
  <testcase name="verifyHomePageTitle" time="0.004" classname="com.crm.qa.testcases.HomePageTest"/>
  <testcase name="verifyUserNameTest" time="0.082" classname="com.crm.qa.testcases.HomePageTest"/>
  <testcase name="verifyContactLinkTest" time="1.605" classname="com.crm.qa.testcases.HomePageTest"/>
  <testcase name="verifyContactsLabelTest" time="0.054" classname="com.crm.qa.testcases.ContactsPageTest"/>
  <testcase name="selectContactsTest" time="0.244" classname="com.crm.qa.testcases.ContactsPageTest"/>
  <testcase name="multipleContactsTest" time="0.502" classname="com.crm.qa.testcases.ContactsPageTest"/>
  <testcase name="validateCreateNewContactTest" time="0.0" classname="com.crm.qa.testcases.ContactsPageTest">
    <skipped/>
  </testcase> <!-- validateCreateNewContactTest -->
</testsuite> <!-- FREE CRM App Test -->
