<?xml version="1.0" encoding="UTF-8"?>
<testng-results skipped="1" failed="0" ignored="0" total="10" passed="9">
  <reporter-output>
  </reporter-output>
  <suite name="FREE CRM Application Automation Test Suite" duration-ms="135589" started-at="2023-01-01T20:43:16 EST" finished-at="2023-01-01T20:45:32 EST">
    <groups>
    </groups>
    <test name="FREE CRM App Test" duration-ms="135589" started-at="2023-01-01T20:43:16 EST" finished-at="2023-01-01T20:45:32 EST">
      <class name="com.crm.qa.testcases.HomePageTest">
        <test-method status="PASS" signature="setUp()[pri:0, instance:com.crm.qa.testcases.HomePageTest@184f6be2]" name="setUp" is-config="true" duration-ms="14253" started-at="2023-01-01T20:43:55 EST" finished-at="2023-01-01T20:44:10 EST">
          <reporter-output>
          </reporter-output>
        </test-method> <!-- setUp -->
        <test-method status="PASS" signature="verifyHomePageTitle()[pri:1, instance:com.crm.qa.testcases.HomePageTest@184f6be2]" name="verifyHomePageTitle" duration-ms="4" started-at="2023-01-01T20:44:10 EST" finished-at="2023-01-01T20:44:10 EST">
          <reporter-output>
          </reporter-output>
        </test-method> <!-- verifyHomePageTitle -->
        <test-method status="PASS" signature="setUp()[pri:0, instance:com.crm.qa.testcases.HomePageTest@184f6be2]" name="setUp" is-config="true" duration-ms="14156" started-at="2023-01-01T20:44:10 EST" finished-at="2023-01-01T20:44:24 EST">
          <reporter-output>
          </reporter-output>
        </test-method> <!-- setUp -->
        <test-method status="PASS" signature="verifyUserNameTest()[pri:2, instance:com.crm.qa.testcases.HomePageTest@184f6be2]" name="verifyUserNameTest" duration-ms="82" started-at="2023-01-01T20:44:24 EST" finished-at="2023-01-01T20:44:24 EST">
          <reporter-output>
          </reporter-output>
        </test-method> <!-- verifyUserNameTest -->
        <test-method status="PASS" signature="setUp()[pri:0, instance:com.crm.qa.testcases.HomePageTest@184f6be2]" name="setUp" is-config="true" duration-ms="15583" started-at="2023-01-01T20:44:24 EST" finished-at="2023-01-01T20:44:40 EST">
          <reporter-output>
          </reporter-output>
        </test-method> <!-- setUp -->
        <test-method status="PASS" signature="verifyContactLinkTest()[pri:3, instance:com.crm.qa.testcases.HomePageTest@184f6be2]" name="verifyContactLinkTest" duration-ms="1605" started-at="2023-01-01T20:44:40 EST" finished-at="2023-01-01T20:44:41 EST">
          <reporter-output>
          </reporter-output>
        </test-method> <!-- verifyContactLinkTest -->
      </class> <!-- com.crm.qa.testcases.HomePageTest -->
      <class name="com.crm.qa.testcases.ContactsPageTest">
        <test-method status="PASS" signature="setUp()[pri:0, instance:com.crm.qa.testcases.ContactsPageTest@56aac163]" name="setUp" is-config="true" duration-ms="16502" started-at="2023-01-01T20:44:41 EST" finished-at="2023-01-01T20:44:58 EST">
          <reporter-output>
          </reporter-output>
        </test-method> <!-- setUp -->
        <test-method status="PASS" signature="verifyContactsLabelTest()[pri:1, instance:com.crm.qa.testcases.ContactsPageTest@56aac163]" name="verifyContactsLabelTest" duration-ms="54" started-at="2023-01-01T20:44:58 EST" finished-at="2023-01-01T20:44:58 EST">
          <reporter-output>
          </reporter-output>
        </test-method> <!-- verifyContactsLabelTest -->
        <test-method status="PASS" signature="setUp()[pri:0, instance:com.crm.qa.testcases.ContactsPageTest@56aac163]" name="setUp" is-config="true" duration-ms="16310" started-at="2023-01-01T20:44:58 EST" finished-at="2023-01-01T20:45:14 EST">
          <reporter-output>
          </reporter-output>
        </test-method> <!-- setUp -->
        <test-method status="PASS" signature="selectContactsTest()[pri:2, instance:com.crm.qa.testcases.ContactsPageTest@56aac163]" name="selectContactsTest" duration-ms="244" started-at="2023-01-01T20:45:14 EST" finished-at="2023-01-01T20:45:14 EST">
          <reporter-output>
          </reporter-output>
        </test-method> <!-- selectContactsTest -->
        <test-method status="PASS" signature="setUp()[pri:0, instance:com.crm.qa.testcases.ContactsPageTest@56aac163]" name="setUp" is-config="true" duration-ms="15930" started-at="2023-01-01T20:45:14 EST" finished-at="2023-01-01T20:45:30 EST">
          <reporter-output>
          </reporter-output>
        </test-method> <!-- setUp -->
        <test-method status="PASS" signature="multipleContactsTest()[pri:3, instance:com.crm.qa.testcases.ContactsPageTest@56aac163]" name="multipleContactsTest" duration-ms="502" started-at="2023-01-01T20:45:30 EST" finished-at="2023-01-01T20:45:31 EST">
          <reporter-output>
          </reporter-output>
        </test-method> <!-- multipleContactsTest -->
        <test-method status="SKIP" signature="validateCreateNewContactTest(java.lang.String, java.lang.String, java.lang.String, java.lang.String)[pri:4, instance:com.crm.qa.testcases.ContactsPageTest@56aac163]" name="validateCreateNewContactTest" duration-ms="0" started-at="2023-01-01T20:45:32 EST" data-provider="getCRMTestData" finished-at="2023-01-01T20:45:32 EST">
          <exception class="java.lang.RuntimeException">
            <message>
              <![CDATA[java.lang.NullPointerException]]>
            </message>
            <full-stacktrace>
              <![CDATA[java.lang.RuntimeException: java.lang.NullPointerException
at org.testng.internal.MethodInvocationHelper.invokeMethodNoCheckedException(MethodInvocationHelper.java:50)
at org.testng.internal.MethodInvocationHelper.invokeDataProvider(MethodInvocationHelper.java:146)
at org.testng.internal.Parameters.handleParameters(Parameters.java:820)
at org.testng.internal.Parameters.handleParameters(Parameters.java:762)
at org.testng.internal.ParameterHandler.handleParameters(ParameterHandler.java:60)
at org.testng.internal.ParameterHandler.createParameters(ParameterHandler.java:39)
at org.testng.internal.TestInvoker$MethodInvocationAgent.invoke(TestInvoker.java:771)
at org.testng.internal.TestInvoker.invokeTestMethods(TestInvoker.java:145)
at org.testng.internal.TestMethodWorker.invokeTestMethods(TestMethodWorker.java:146)
at org.testng.internal.TestMethodWorker.run(TestMethodWorker.java:128)
at java.util.ArrayList.forEach(ArrayList.java:1257)
at org.testng.TestRunner.privateRun(TestRunner.java:770)
at org.testng.TestRunner.run(TestRunner.java:591)
at org.testng.SuiteRunner.runTest(SuiteRunner.java:402)
at org.testng.SuiteRunner.runSequentially(SuiteRunner.java:396)
at org.testng.SuiteRunner.privateRun(SuiteRunner.java:355)
at org.testng.SuiteRunner.run(SuiteRunner.java:304)
at org.testng.SuiteRunnerWorker.runSuite(SuiteRunnerWorker.java:53)
at org.testng.SuiteRunnerWorker.run(SuiteRunnerWorker.java:96)
at org.testng.TestNG.runSuitesSequentially(TestNG.java:1180)
at org.testng.TestNG.runSuitesLocally(TestNG.java:1102)
at org.testng.TestNG.runSuites(TestNG.java:1032)
at org.testng.TestNG.run(TestNG.java:1000)
at org.testng.remote.AbstractRemoteTestNG.run(AbstractRemoteTestNG.java:115)
at org.testng.remote.RemoteTestNG.initAndRun(RemoteTestNG.java:251)
at org.testng.remote.RemoteTestNG.main(RemoteTestNG.java:77)
Caused by: java.lang.NullPointerException
at com.crm.qa.utilities.TestUtil.getTestData(TestUtil.java:46)
at com.crm.qa.testcases.ContactsPageTest.getCRMTestData(ContactsPageTest.java:61)
at sun.reflect.NativeMethodAccessorImpl.invoke0(Native Method)
at sun.reflect.NativeMethodAccessorImpl.invoke(NativeMethodAccessorImpl.java:62)
at sun.reflect.DelegatingMethodAccessorImpl.invoke(DelegatingMethodAccessorImpl.java:43)
at java.lang.reflect.Method.invoke(Method.java:498)
at org.testng.internal.MethodInvocationHelper.invokeMethod(MethodInvocationHelper.java:133)
at org.testng.internal.MethodInvocationHelper.invokeMethod(MethodInvocationHelper.java:77)
at org.testng.internal.MethodInvocationHelper.invokeMethodNoCheckedException(MethodInvocationHelper.java:46)
... 25 more
]]>
            </full-stacktrace>
          </exception> <!-- java.lang.RuntimeException -->
          <reporter-output>
          </reporter-output>
        </test-method> <!-- validateCreateNewContactTest -->
      </class> <!-- com.crm.qa.testcases.ContactsPageTest -->
      <class name="com.crm.qa.testcases.LoginPageTest">
        <test-method status="PASS" signature="setUp()[pri:0, instance:com.crm.qa.testcases.LoginPageTest@6895a785]" name="setUp" is-config="true" duration-ms="12428" started-at="2023-01-01T20:43:16 EST" finished-at="2023-01-01T20:43:29 EST">
          <reporter-output>
          </reporter-output>
        </test-method> <!-- setUp -->
        <test-method status="PASS" signature="loginPageTitleTest()[pri:1, instance:com.crm.qa.testcases.LoginPageTest@6895a785]" name="loginPageTitleTest" duration-ms="21" started-at="2023-01-01T20:43:29 EST" finished-at="2023-01-01T20:43:29 EST">
          <reporter-output>
          </reporter-output>
        </test-method> <!-- loginPageTitleTest -->
        <test-method status="PASS" signature="setUp()[pri:0, instance:com.crm.qa.testcases.LoginPageTest@6895a785]" name="setUp" is-config="true" duration-ms="11165" started-at="2023-01-01T20:43:29 EST" finished-at="2023-01-01T20:43:40 EST">
          <reporter-output>
          </reporter-output>
        </test-method> <!-- setUp -->
        <test-method status="PASS" signature="crmLogoImageTest()[pri:2, instance:com.crm.qa.testcases.LoginPageTest@6895a785]" name="crmLogoImageTest" duration-ms="80" started-at="2023-01-01T20:43:40 EST" finished-at="2023-01-01T20:43:40 EST">
          <reporter-output>
          </reporter-output>
        </test-method> <!-- crmLogoImageTest -->
        <test-method status="PASS" signature="setUp()[pri:0, instance:com.crm.qa.testcases.LoginPageTest@6895a785]" name="setUp" is-config="true" duration-ms="10964" started-at="2023-01-01T20:43:40 EST" finished-at="2023-01-01T20:43:51 EST">
          <reporter-output>
          </reporter-output>
        </test-method> <!-- setUp -->
        <test-method status="PASS" signature="loginTest()[pri:3, instance:com.crm.qa.testcases.LoginPageTest@6895a785]" name="loginTest" duration-ms="4339" started-at="2023-01-01T20:43:51 EST" finished-at="2023-01-01T20:43:55 EST">
          <reporter-output>
          </reporter-output>
        </test-method> <!-- loginTest -->
      </class> <!-- com.crm.qa.testcases.LoginPageTest -->
    </test> <!-- FREE CRM App Test -->
  </suite> <!-- FREE CRM Application Automation Test Suite -->
</testng-results>
